0 info it worked if it ends with ok
1 verbose cli [ 'C:\\nodejs\\node.exe',
1 verbose cli   'C:\\nodejs\\node_modules\\npm\\bin\\npm-cli.js',
1 verbose cli   'run',
1 verbose cli   'build' ]
2 info using npm@3.10.10
3 info using node@v6.10.2
4 verbose run-script [ 'prebuild', 'build', 'postbuild' ]
5 info lifecycle languaje@0.1.0~prebuild: languaje@0.1.0
6 silly lifecycle languaje@0.1.0~prebuild: no script for prebuild, continuing
7 info lifecycle languaje@0.1.0~build: languaje@0.1.0
8 verbose lifecycle languaje@0.1.0~build: unsafe-perm in lifecycle true
9 verbose lifecycle languaje@0.1.0~build: PATH: C:\nodejs\node_modules\npm\bin\node-gyp-bin;C:\Users\Glorimar\Desktop\languaje\node_modules\.bin;C:\Users\Glorimar\bin;C:\Program Files\Git\mingw64\bin;C:\Program Files\Git\usr\local\bin;C:\Program Files\Git\usr\bin;C:\Program Files\Git\usr\bin;C:\Program Files\Git\mingw64\bin;C:\Program Files\Git\usr\bin;C:\Users\Glorimar\bin;C:\Ruby24-x64\bin;C:\ProgramData\Oracle\Java\javapath;C:\Windows\system32;C:\Windows;C:\Windows\System32\Wbem;C:\Windows\System32\WindowsPowerShell\v1.0;C:\nodejs;C:\Program Files (x86)\Skype\Phone;C:\Program Files\Git\cmd;C:\xampp\php;C:\ProgramData\ComposerSetup\bin;C:\Users\Glorimar\AppData\Roaming\npm;C:\Users\Glorimar\AppData\Roaming\Composer\vendor\bin;C:\Program Files\Heroku\bin;C:\Program Files\Git\usr\bin\vendor_perl;C:\Program Files\Git\usr\bin\core_perl
10 verbose lifecycle languaje@0.1.0~build: CWD: C:\Users\Glorimar\Desktop\languaje
11 silly lifecycle languaje@0.1.0~build: Args: [ '/d /s /c', 'babel src/platzom.js -d dist' ]
12 silly lifecycle languaje@0.1.0~build: Returned: code: 1  signal: null
13 info lifecycle languaje@0.1.0~build: Failed to exec build script
14 verbose stack Error: languaje@0.1.0 build: `babel src/platzom.js -d dist`
14 verbose stack Exit status 1
14 verbose stack     at EventEmitter.<anonymous> (C:\nodejs\node_modules\npm\lib\utils\lifecycle.js:255:16)
14 verbose stack     at emitTwo (events.js:106:13)
14 verbose stack     at EventEmitter.emit (events.js:191:7)
14 verbose stack     at ChildProcess.<anonymous> (C:\nodejs\node_modules\npm\lib\utils\spawn.js:40:14)
14 verbose stack     at emitTwo (events.js:106:13)
14 verbose stack     at ChildProcess.emit (events.js:191:7)
14 verbose stack     at maybeClose (internal/child_process.js:886:16)
14 verbose stack     at Process.ChildProcess._handle.onexit (internal/child_process.js:226:5)
15 verbose pkgid languaje@0.1.0
16 verbose cwd C:\Users\Glorimar\Desktop\languaje
17 error Windows_NT 6.3.9600
18 error argv "C:\\nodejs\\node.exe" "C:\\nodejs\\node_modules\\npm\\bin\\npm-cli.js" "run" "build"
19 error node v6.10.2
20 error npm  v3.10.10
21 error code ELIFECYCLE
22 error languaje@0.1.0 build: `babel src/platzom.js -d dist`
22 error Exit status 1
23 error Failed at the languaje@0.1.0 build script 'babel src/platzom.js -d dist'.
23 error Make sure you have the latest version of node.js and npm installed.
23 error If you do, this is most likely a problem with the languaje package,
23 error not with npm itself.
23 error Tell the author that this fails on your system:
23 error     babel src/platzom.js -d dist
23 error You can get information on how to open an issue for this project with:
23 error     npm bugs languaje
23 error Or if that isn't available, you can get their info via:
23 error     npm owner ls languaje
23 error There is likely additional logging output above.
24 verbose exit [ 1, true ]
